
PG::UnableToSend (server closed the connection unexpectedly
	This probably means the server terminated abnormally
	before or while processing the request.
):
  activerecord (4.2.1) lib/active_record/connection_adapters/postgresql_adapter.rb:215:in `exec'
  activerecord (4.2.1) lib/active_record/connection_adapters/postgresql_adapter.rb:215:in `dealloc'
  activerecord (4.2.1) lib/active_record/connection_adapters/postgresql_adapter.rb:198:in `block in clear'
  activerecord (4.2.1) lib/active_record/connection_adapters/postgresql_adapter.rb:197:in `each_value'
  activerecord (4.2.1) lib/active_record/connection_adapters/postgresql_adapter.rb:197:in `clear'
  activerecord (4.2.1) lib/active_record/connection_adapters/postgresql_adapter.rb:258:in `clear_cache!'
  activerecord (4.2.1) lib/active_record/connection_adapters/abstract_adapter.rb:291:in `reconnect!'
  activerecord (4.2.1) lib/active_record/connection_adapters/postgresql_adapter.rb:275:in `reconnect!'
  activerecord (4.2.1) lib/active_record/connection_adapters/abstract_adapter.rb:328:in `verify!'
  activerecord (4.2.1) lib/active_record/connection_adapters/abstract/connection_pool.rb:456:in `block in checkout_and_verify'
  activesupport (4.2.1) lib/active_support/callbacks.rb:88:in `call'
  activesupport (4.2.1) lib/active_support/callbacks.rb:88:in `_run_callbacks'
  activesupport (4.2.1) lib/active_support/callbacks.rb:776:in `_run_checkout_callbacks'
  activerecord (4.2.1) lib/active_record/connection_adapters/abstract/connection_pool.rb:455:in `checkout_and_verify'
  activerecord (4.2.1) lib/active_record/connection_adapters/abstract/connection_pool.rb:351:in `block in checkout'
  /home/nic/.rvm/rubies/ruby-2.2.1/lib/ruby/2.2.0/monitor.rb:211:in `mon_synchronize'
  activerecord (4.2.1) lib/active_record/connection_adapters/abstract/connection_pool.rb:348:in `checkout'
  activerecord (4.2.1) lib/active_record/connection_adapters/abstract/connection_pool.rb:263:in `block in connection'
  /home/nic/.rvm/rubies/ruby-2.2.1/lib/ruby/2.2.0/monitor.rb:211:in `mon_synchronize'
  activerecord (4.2.1) lib/active_record/connection_adapters/abstract/connection_pool.rb:262:in `connection'
  activerecord (4.2.1) lib/active_record/connection_adapters/abstract/connection_pool.rb:567:in `retrieve_connection'
  activerecord (4.2.1) lib/active_record/connection_handling.rb:113:in `retrieve_connection'
  activerecord (4.2.1) lib/active_record/connection_handling.rb:87:in `connection'
  activerecord (4.2.1) lib/active_record/migration.rb:384:in `connection'
  activerecord (4.2.1) lib/active_record/migration.rb:371:in `call'
  actionpack (4.2.1) lib/action_dispatch/middleware/callbacks.rb:29:in `block in call'
  activesupport (4.2.1) lib/active_support/callbacks.rb:88:in `call'
  activesupport (4.2.1) lib/active_support/callbacks.rb:88:in `_run_callbacks'
  activesupport (4.2.1) lib/active_support/callbacks.rb:776:in `_run_call_callbacks'
  activesupport (4.2.1) lib/active_support/callbacks.rb:81:in `run_callbacks'
  actionpack (4.2.1) lib/action_dispatch/middleware/callbacks.rb:27:in `call'
  actionpack (4.2.1) lib/action_dispatch/middleware/reloader.rb:73:in `call'
  actionpack (4.2.1) lib/action_dispatch/middleware/remote_ip.rb:78:in `call'
  actionpack (4.2.1) lib/action_dispatch/middleware/debug_exceptions.rb:17:in `call'
  actionpack (4.2.1) lib/action_dispatch/middleware/show_exceptions.rb:30:in `call'
  railties (4.2.1) lib/rails/rack/logger.rb:38:in `call_app'
  railties (4.2.1) lib/rails/rack/logger.rb:20:in `block in call'
  activesupport (4.2.1) lib/active_support/tagged_logging.rb:68:in `block in tagged'
  activesupport (4.2.1) lib/active_support/tagged_logging.rb:26:in `tagged'
  activesupport (4.2.1) lib/active_support/tagged_logging.rb:68:in `tagged'
  railties (4.2.1) lib/rails/rack/logger.rb:20:in `call'
  actionpack (4.2.1) lib/action_dispatch/middleware/request_id.rb:21:in `call'
  rack (1.6.4) lib/rack/methodoverride.rb:22:in `call'
  rack (1.6.4) lib/rack/runtime.rb:18:in `call'
  activesupport (4.2.1) lib/active_support/cache/strategy/local_cache_middleware.rb:28:in `call'
  rack (1.6.4) lib/rack/lock.rb:17:in `call'
  actionpack (4.2.1) lib/action_dispatch/middleware/static.rb:113:in `call'
  rack (1.6.4) lib/rack/sendfile.rb:113:in `call'
  railties (4.2.1) lib/rails/engine.rb:518:in `call'
  railties (4.2.1) lib/rails/application.rb:164:in `call'
  rack (1.6.4) lib/rack/content_length.rb:15:in `call'
  puma (3.6.0) lib/puma/configuration.rb:225:in `call'
  puma (3.6.0) lib/puma/server.rb:578:in `handle_request'
  puma (3.6.0) lib/puma/server.rb:415:in `process_client'
  puma (3.6.0) lib/puma/server.rb:275:in `block in run'
  puma (3.6.0) lib/puma/thread_pool.rb:116:in `call'
  puma (3.6.0) lib/puma/thread_pool.rb:116:in `block in spawn_thread'



ActionController::RoutingError (No route matches [GET] "/assets/country_state_select.js"):
  actionpack (4.2.1) lib/action_dispatch/middleware/debug_exceptions.rb:21:in `call'
  actionpack (4.2.1) lib/action_dispatch/middleware/show_exceptions.rb:30:in `call'
  railties (4.2.1) lib/rails/rack/logger.rb:38:in `call_app'
  railties (4.2.1) lib/rails/rack/logger.rb:20:in `block in call'
  activesupport (4.2.1) lib/active_support/tagged_logging.rb:68:in `block in tagged'
  activesupport (4.2.1) lib/active_support/tagged_logging.rb:26:in `tagged'
  activesupport (4.2.1) lib/active_support/tagged_logging.rb:68:in `tagged'
  railties (4.2.1) lib/rails/rack/logger.rb:20:in `call'
  actionpack (4.2.1) lib/action_dispatch/middleware/request_id.rb:21:in `call'
  rack (1.6.4) lib/rack/methodoverride.rb:22:in `call'
  rack (1.6.4) lib/rack/runtime.rb:18:in `call'
  activesupport (4.2.1) lib/active_support/cache/strategy/local_cache_middleware.rb:28:in `call'
  rack (1.6.4) lib/rack/lock.rb:17:in `call'
  actionpack (4.2.1) lib/action_dispatch/middleware/static.rb:113:in `call'
  rack (1.6.4) lib/rack/sendfile.rb:113:in `call'
  railties (4.2.1) lib/rails/engine.rb:518:in `call'
  railties (4.2.1) lib/rails/application.rb:164:in `call'
  rack (1.6.4) lib/rack/content_length.rb:15:in `call'
  puma (3.6.0) lib/puma/configuration.rb:225:in `call'
  puma (3.6.0) lib/puma/server.rb:578:in `handle_request'
  puma (3.6.0) lib/puma/server.rb:415:in `process_client'
  puma (3.6.0) lib/puma/server.rb:275:in `block in run'
  puma (3.6.0) lib/puma/thread_pool.rb:116:in `call'
  puma (3.6.0) lib/puma/thread_pool.rb:116:in `block in spawn_thread'



SyntaxError (/home/nic/vikram/official/projects/VIP-Ref/jvlms-latest/app/controllers/vip_ref_app_controller.rb:273: syntax error, unexpected &&, expecting '}'
             && v.vip_category.category.id =...
               ^
/home/nic/vikram/official/projects/VIP-Ref/jvlms-latest/app/controllers/vip_ref_app_controller.rb:278: syntax error, unexpected &&, expecting '}'
             && v.vip_category.category.id == Category.all.first
               ^):
  app/controllers/vip_ref_app_controller.rb:273: syntax error, unexpected &&, expecting '}'
  app/controllers/vip_ref_app_controller.rb:278: syntax error, unexpected &&, expecting '}'



SyntaxError (/home/nic/vikram/official/projects/VIP-Ref/jvlms-latest/app/controllers/vip_ref_app_controller.rb:273: syntax error, unexpected &&, expecting '}'
             && v.vip_category.category.id =...
               ^
/home/nic/vikram/official/projects/VIP-Ref/jvlms-latest/app/controllers/vip_ref_app_controller.rb:278: syntax error, unexpected &&, expecting '}'
             && v.vip_category.category.id == Category.all.first
               ^):
  app/controllers/vip_ref_app_controller.rb:273: syntax error, unexpected &&, expecting '}'
  app/controllers/vip_ref_app_controller.rb:278: syntax error, unexpected &&, expecting '}'



SyntaxError (/home/nic/vikram/official/projects/VIP-Ref/jvlms-latest/app/controllers/vip_ref_app_controller.rb:273: syntax error, unexpected &&, expecting ')'
             && v.vip_category.category.id =...
               ^
/home/nic/vikram/official/projects/VIP-Ref/jvlms-latest/app/controllers/vip_ref_app_controller.rb:278: syntax error, unexpected &&, expecting ')'
             && v.vip_category.category.id == Category.all.first)
               ^):
  app/controllers/vip_ref_app_controller.rb:273: syntax error, unexpected &&, expecting ')'
  app/controllers/vip_ref_app_controller.rb:278: syntax error, unexpected &&, expecting ')'



SyntaxError (/home/nic/vikram/official/projects/VIP-Ref/jvlms-latest/app/controllers/vip_ref_app_controller.rb:273: syntax error, unexpected keyword_and, expecting ')'
             and v.vip_category.category.id =...
                ^
/home/nic/vikram/official/projects/VIP-Ref/jvlms-latest/app/controllers/vip_ref_app_controller.rb:278: syntax error, unexpected keyword_and, expecting ')'
             and v.vip_category.category.id == Category.all.first)
                ^):
  app/controllers/vip_ref_app_controller.rb:273: syntax error, unexpected keyword_and, expecting ')'
  app/controllers/vip_ref_app_controller.rb:278: syntax error, unexpected keyword_and, expecting ')'



SyntaxError (/home/nic/vikram/official/projects/VIP-Ref/jvlms-latest/app/controllers/vip_ref_app_controller.rb:273: syntax error, unexpected keyword_and, expecting '}'
             and (v.vip_category.category.id ...
                ^
/home/nic/vikram/official/projects/VIP-Ref/jvlms-latest/app/controllers/vip_ref_app_controller.rb:278: syntax error, unexpected keyword_and, expecting '}'
             and (v.vip_category.category.id == Category.all.first ) 
                ^):
  app/controllers/vip_ref_app_controller.rb:273: syntax error, unexpected keyword_and, expecting '}'
  app/controllers/vip_ref_app_controller.rb:278: syntax error, unexpected keyword_and, expecting '}'



SyntaxError (/home/nic/vikram/official/projects/VIP-Ref/jvlms-latest/app/controllers/vip_ref_app_controller.rb:273: syntax error, unexpected keyword_and, expecting '}'
             and (v.vip_category.category.id ...
                ^
/home/nic/vikram/official/projects/VIP-Ref/jvlms-latest/app/controllers/vip_ref_app_controller.rb:278: syntax error, unexpected keyword_and, expecting '}'
             and (v.vip_category.category.id ...
                ^):
  app/controllers/vip_ref_app_controller.rb:273: syntax error, unexpected keyword_and, expecting '}'
  app/controllers/vip_ref_app_controller.rb:278: syntax error, unexpected keyword_and, expecting '}'



SyntaxError (/home/nic/vikram/official/projects/VIP-Ref/jvlms-latest/app/controllers/vip_ref_app_controller.rb:273: syntax error, unexpected keyword_and, expecting '}'
             and (v.vip_category.category.id ...
                ^
/home/nic/vikram/official/projects/VIP-Ref/jvlms-latest/app/controllers/vip_ref_app_controller.rb:278: syntax error, unexpected keyword_and, expecting '}'
             and (v.vip_category.category.id ...
                ^):
  app/controllers/vip_ref_app_controller.rb:273: syntax error, unexpected keyword_and, expecting '}'
  app/controllers/vip_ref_app_controller.rb:278: syntax error, unexpected keyword_and, expecting '}'



SyntaxError (/home/nic/vikram/official/projects/VIP-Ref/jvlms-latest/app/controllers/vip_ref_app_controller.rb:273: syntax error, unexpected keyword_and, expecting '}'
             and (v.vip_category.category.id ...
                ^
/home/nic/vikram/official/projects/VIP-Ref/jvlms-latest/app/controllers/vip_ref_app_controller.rb:278: syntax error, unexpected keyword_and, expecting '}'
             and (v.vip_category.category.id ...
                ^):
  app/controllers/vip_ref_app_controller.rb:273: syntax error, unexpected keyword_and, expecting '}'
  app/controllers/vip_ref_app_controller.rb:278: syntax error, unexpected keyword_and, expecting '}'



SyntaxError (/home/nic/vikram/official/projects/VIP-Ref/jvlms-latest/app/controllers/vip_ref_app_controller.rb:273: syntax error, unexpected keyword_and, expecting '}'
             and (v.vip_category.category.id ...
                ^
/home/nic/vikram/official/projects/VIP-Ref/jvlms-latest/app/controllers/vip_ref_app_controller.rb:278: syntax error, unexpected keyword_and, expecting '}'
             and (v.vip_category.category.id ...
                ^):
  app/controllers/vip_ref_app_controller.rb:273: syntax error, unexpected keyword_and, expecting '}'
  app/controllers/vip_ref_app_controller.rb:278: syntax error, unexpected keyword_and, expecting '}'



SyntaxError (/home/nic/vikram/official/projects/VIP-Ref/jvlms-latest/app/controllers/vip_ref_app_controller.rb:273: syntax error, unexpected keyword_and, expecting ')'
             and (v.vip_category.category.id ...
                ^
/home/nic/vikram/official/projects/VIP-Ref/jvlms-latest/app/controllers/vip_ref_app_controller.rb:278: syntax error, unexpected keyword_and, expecting ')'
             and (v.vip_category.category.id ...
                ^):
  app/controllers/vip_ref_app_controller.rb:273: syntax error, unexpected keyword_and, expecting ')'
  app/controllers/vip_ref_app_controller.rb:278: syntax error, unexpected keyword_and, expecting ')'



SyntaxError (/home/nic/vikram/official/projects/VIP-Ref/jvlms-latest/app/controllers/vip_ref_app_controller.rb:273: syntax error, unexpected keyword_and, expecting ')'
             and (v.vip_category.category.id ...
                ^
/home/nic/vikram/official/projects/VIP-Ref/jvlms-latest/app/controllers/vip_ref_app_controller.rb:278: syntax error, unexpected keyword_and, expecting ')'
             and (v.vip_category.category.id ...
                ^):
  app/controllers/vip_ref_app_controller.rb:273: syntax error, unexpected keyword_and, expecting ')'
  app/controllers/vip_ref_app_controller.rb:278: syntax error, unexpected keyword_and, expecting ')'



SyntaxError (/home/nic/vikram/official/projects/VIP-Ref/jvlms-latest/app/controllers/vip_ref_app_controller.rb:273: syntax error, unexpected &&, expecting ')'
             && (v.vip_category.category.id ...
               ^
/home/nic/vikram/official/projects/VIP-Ref/jvlms-latest/app/controllers/vip_ref_app_controller.rb:278: syntax error, unexpected &&, expecting ')'
             && (v.vip_category.category.id ...
               ^):
  app/controllers/vip_ref_app_controller.rb:273: syntax error, unexpected &&, expecting ')'
  app/controllers/vip_ref_app_controller.rb:278: syntax error, unexpected &&, expecting ')'



ActionController::RoutingError (No route matches [GET] "/assets/country_state_select.js"):
  actionpack (4.2.1) lib/action_dispatch/middleware/debug_exceptions.rb:21:in `call'
  actionpack (4.2.1) lib/action_dispatch/middleware/show_exceptions.rb:30:in `call'
  railties (4.2.1) lib/rails/rack/logger.rb:38:in `call_app'
  railties (4.2.1) lib/rails/rack/logger.rb:20:in `block in call'
  activesupport (4.2.1) lib/active_support/tagged_logging.rb:68:in `block in tagged'
  activesupport (4.2.1) lib/active_support/tagged_logging.rb:26:in `tagged'
  activesupport (4.2.1) lib/active_support/tagged_logging.rb:68:in `tagged'
  railties (4.2.1) lib/rails/rack/logger.rb:20:in `call'
  actionpack (4.2.1) lib/action_dispatch/middleware/request_id.rb:21:in `call'
  rack (1.6.4) lib/rack/methodoverride.rb:22:in `call'
  rack (1.6.4) lib/rack/runtime.rb:18:in `call'
  activesupport (4.2.1) lib/active_support/cache/strategy/local_cache_middleware.rb:28:in `call'
  rack (1.6.4) lib/rack/lock.rb:17:in `call'
  actionpack (4.2.1) lib/action_dispatch/middleware/static.rb:113:in `call'
  rack (1.6.4) lib/rack/sendfile.rb:113:in `call'
  railties (4.2.1) lib/rails/engine.rb:518:in `call'
  railties (4.2.1) lib/rails/application.rb:164:in `call'
  rack (1.6.4) lib/rack/content_length.rb:15:in `call'
  puma (3.6.0) lib/puma/configuration.rb:225:in `call'
  puma (3.6.0) lib/puma/server.rb:578:in `handle_request'
  puma (3.6.0) lib/puma/server.rb:415:in `process_client'
  puma (3.6.0) lib/puma/server.rb:275:in `block in run'
  puma (3.6.0) lib/puma/thread_pool.rb:116:in `call'
  puma (3.6.0) lib/puma/thread_pool.rb:116:in `block in spawn_thread'



ActionController::RoutingError (No route matches [GET] "/assets/country_state_select.js"):
  actionpack (4.2.1) lib/action_dispatch/middleware/debug_exceptions.rb:21:in `call'
  actionpack (4.2.1) lib/action_dispatch/middleware/show_exceptions.rb:30:in `call'
  railties (4.2.1) lib/rails/rack/logger.rb:38:in `call_app'
  railties (4.2.1) lib/rails/rack/logger.rb:20:in `block in call'
  activesupport (4.2.1) lib/active_support/tagged_logging.rb:68:in `block in tagged'
  activesupport (4.2.1) lib/active_support/tagged_logging.rb:26:in `tagged'
  activesupport (4.2.1) lib/active_support/tagged_logging.rb:68:in `tagged'
  railties (4.2.1) lib/rails/rack/logger.rb:20:in `call'
  actionpack (4.2.1) lib/action_dispatch/middleware/request_id.rb:21:in `call'
  rack (1.6.4) lib/rack/methodoverride.rb:22:in `call'
  rack (1.6.4) lib/rack/runtime.rb:18:in `call'
  activesupport (4.2.1) lib/active_support/cache/strategy/local_cache_middleware.rb:28:in `call'
  rack (1.6.4) lib/rack/lock.rb:17:in `call'
  actionpack (4.2.1) lib/action_dispatch/middleware/static.rb:113:in `call'
  rack (1.6.4) lib/rack/sendfile.rb:113:in `call'
  railties (4.2.1) lib/rails/engine.rb:518:in `call'
  railties (4.2.1) lib/rails/application.rb:164:in `call'
  rack (1.6.4) lib/rack/content_length.rb:15:in `call'
  puma (3.6.0) lib/puma/configuration.rb:225:in `call'
  puma (3.6.0) lib/puma/server.rb:578:in `handle_request'
  puma (3.6.0) lib/puma/server.rb:415:in `process_client'
  puma (3.6.0) lib/puma/server.rb:275:in `block in run'
  puma (3.6.0) lib/puma/thread_pool.rb:116:in `call'
  puma (3.6.0) lib/puma/thread_pool.rb:116:in `block in spawn_thread'


PG::SyntaxError: ERROR:  syntax error at or near "as"
LINE 1:  select v1.*  vip_references as v1 
                                     ^
:  select v1.*  vip_references as v1 
         left join vip_ref_statuses as vrs1 
        on v1.vip_ref_status_id = vrs1.id 
        left join vip_categories 
        as vipcat on v1.vip_category_id = vipcat.id 
        left join categories as cat on vipcat.category_id = cat.id  

        where vrs1.status_name ilike '%draft%' and
        not exist (select count(*) from vip_ref_transfers as vm 
        where vm.vip_reference_id=v1.id group by vm.vip_reference_id ) 
        and v1.section_id= 3 and cat.id =1  order by v1.diaried_date asc 
PG::SyntaxError: ERROR:  syntax error at or near "as"
LINE 1:  select v1.*  vip_references as v1 
                                     ^
:  select v1.*  vip_references as v1 
         left join vip_ref_statuses as vrs1 
        on v1.vip_ref_status_id = vrs1.id 
        left join vip_categories 
        as vipcat on v1.vip_category_id = vipcat.id 
        left join categories as cat on vipcat.category_id = cat.id  

        where vrs1.status_name ilike '%draft%' and
        not exist (select count(*) from vip_ref_transfers as vm 
        where vm.vip_reference_id=v1.id group by vm.vip_reference_id ) 
        and v1.section_id= 3 and cat.id =1  order by v1.diaried_date asc 
PG::SyntaxError: ERROR:  syntax error at or near "as"
LINE 1:  select v1.*  vip_references as v1 
                                     ^
:  select v1.*  vip_references as v1 
         left join vip_ref_statuses as vrs1 
        on v1.vip_ref_status_id = vrs1.id 
        left join vip_categories 
        as vipcat on v1.vip_category_id = vipcat.id 
        left join categories as cat on vipcat.category_id = cat.id  
        where vrs1.status_name ilike '%draft%' and
        not exist (select count(*) from vip_ref_transfers as vm 
        where vm.vip_reference_id=v1.id group by vm.vip_reference_id ) 
        and v1.section_id= 3 and cat.id =1  order by v1.diaried_date asc 
PG::SyntaxError: ERROR:  syntax error at or near "as"
LINE 1:  select v1.*  vip_references as v1 
                                     ^
:  select v1.*  vip_references as v1 
         left join vip_ref_statuses as vrs1 
        on v1.vip_ref_status_id = vrs1.id 
        left join vip_categories as vipcat
         on v1.vip_category_id = vipcat.id 
        left join categories as cat 
        on vipcat.category_id = cat.id  
        where vrs1.status_name ilike '%draft%' and
        not exist (select count(*) from vip_ref_transfers as vm 
        where vm.vip_reference_id=v1.id group by vm.vip_reference_id ) 
        and v1.section_id= 3 and cat.id =1  order by v1.diaried_date asc 
PG::SyntaxError: ERROR:  syntax error at or near "select"
LINE 9:         not exist (select count(*) from vip_ref_transfers as...
                           ^
:  select v1.*  from vip_references as v1 
         left join vip_ref_statuses as vrs1 
        on v1.vip_ref_status_id = vrs1.id 
        left join vip_categories as vipcat
         on v1.vip_category_id = vipcat.id 
        left join categories as cat 
        on vipcat.category_id = cat.id  
        where vrs1.status_name ilike '%draft%' and
        not exist (select count(*) from vip_ref_transfers as vm 
        where vm.vip_reference_id=v1.id group by vm.vip_reference_id ) 
        and v1.section_id= 3 and cat.id =1  order by v1.diaried_date asc 

ActionController::RoutingError (No route matches [GET] "/assets/country_state_select.js"):
  actionpack (4.2.1) lib/action_dispatch/middleware/debug_exceptions.rb:21:in `call'
  actionpack (4.2.1) lib/action_dispatch/middleware/show_exceptions.rb:30:in `call'
  railties (4.2.1) lib/rails/rack/logger.rb:38:in `call_app'
  railties (4.2.1) lib/rails/rack/logger.rb:20:in `block in call'
  activesupport (4.2.1) lib/active_support/tagged_logging.rb:68:in `block in tagged'
  activesupport (4.2.1) lib/active_support/tagged_logging.rb:26:in `tagged'
  activesupport (4.2.1) lib/active_support/tagged_logging.rb:68:in `tagged'
  railties (4.2.1) lib/rails/rack/logger.rb:20:in `call'
  actionpack (4.2.1) lib/action_dispatch/middleware/request_id.rb:21:in `call'
  rack (1.6.4) lib/rack/methodoverride.rb:22:in `call'
  rack (1.6.4) lib/rack/runtime.rb:18:in `call'
  activesupport (4.2.1) lib/active_support/cache/strategy/local_cache_middleware.rb:28:in `call'
  rack (1.6.4) lib/rack/lock.rb:17:in `call'
  actionpack (4.2.1) lib/action_dispatch/middleware/static.rb:113:in `call'
  rack (1.6.4) lib/rack/sendfile.rb:113:in `call'
  railties (4.2.1) lib/rails/engine.rb:518:in `call'
  railties (4.2.1) lib/rails/application.rb:164:in `call'
  rack (1.6.4) lib/rack/content_length.rb:15:in `call'
  puma (3.6.0) lib/puma/configuration.rb:225:in `call'
  puma (3.6.0) lib/puma/server.rb:578:in `handle_request'
  puma (3.6.0) lib/puma/server.rb:415:in `process_client'
  puma (3.6.0) lib/puma/server.rb:275:in `block in run'
  puma (3.6.0) lib/puma/thread_pool.rb:116:in `call'
  puma (3.6.0) lib/puma/thread_pool.rb:116:in `block in spawn_thread'



SyntaxError (/home/nic/vikram/official/projects/VIP-Ref/jvlms-latest/app/controllers/vip_ref_app_controller.rb:51: syntax error, unexpected ':', expecting ')'
...oped.all.joins(:vip_references: [{vip_categories: :category}...
...                               ^
/home/nic/vikram/official/projects/VIP-Ref/jvlms-latest/app/controllers/vip_ref_app_controller.rb:51: syntax error, unexpected ')', expecting keyword_end):
  app/controllers/vip_ref_app_controller.rb:51: syntax error, unexpected ':', expecting ')'
  app/controllers/vip_ref_app_controller.rb:51: syntax error, unexpected ')', expecting keyword_end



SyntaxError (/home/nic/vikram/official/projects/VIP-Ref/jvlms-latest/app/controllers/vip_ref_app_controller.rb:52: syntax error, unexpected ':', expecting ')'
... Section.joins(:vip_references: [{vip_categories: :category}...
...                               ^
/home/nic/vikram/official/projects/VIP-Ref/jvlms-latest/app/controllers/vip_ref_app_controller.rb:52: syntax error, unexpected ')', expecting keyword_end):
  app/controllers/vip_ref_app_controller.rb:52: syntax error, unexpected ':', expecting ')'
  app/controllers/vip_ref_app_controller.rb:52: syntax error, unexpected ')', expecting keyword_end



SyntaxError (/home/nic/vikram/official/projects/VIP-Ref/jvlms-latest/app/controllers/vip_ref_app_controller.rb:52: syntax error, unexpected ':', expecting ')'
... Section.joins(:vip_references: [{vip_categories: :category}...
...                               ^
/home/nic/vikram/official/projects/VIP-Ref/jvlms-latest/app/controllers/vip_ref_app_controller.rb:52: syntax error, unexpected ')', expecting keyword_end):
  app/controllers/vip_ref_app_controller.rb:52: syntax error, unexpected ':', expecting ')'
  app/controllers/vip_ref_app_controller.rb:52: syntax error, unexpected ')', expecting keyword_end



SyntaxError (/home/nic/vikram/official/projects/VIP-Ref/jvlms-latest/app/controllers/vip_ref_app_controller.rb:52: syntax error, unexpected ':', expecting ')'
... Section.joins(:vip_references: [{vip_categories: :category}...
...                               ^
/home/nic/vikram/official/projects/VIP-Ref/jvlms-latest/app/controllers/vip_ref_app_controller.rb:52: syntax error, unexpected ')', expecting keyword_end):
  app/controllers/vip_ref_app_controller.rb:52: syntax error, unexpected ':', expecting ')'
  app/controllers/vip_ref_app_controller.rb:52: syntax error, unexpected ')', expecting keyword_end



ActionController::RoutingError (No route matches [POST] "/vip_ref_app/disposalreport"):
  actionpack (4.2.1) lib/action_dispatch/middleware/debug_exceptions.rb:21:in `call'
  actionpack (4.2.1) lib/action_dispatch/middleware/show_exceptions.rb:30:in `call'
  railties (4.2.1) lib/rails/rack/logger.rb:38:in `call_app'
  railties (4.2.1) lib/rails/rack/logger.rb:20:in `block in call'
  activesupport (4.2.1) lib/active_support/tagged_logging.rb:68:in `block in tagged'
  activesupport (4.2.1) lib/active_support/tagged_logging.rb:26:in `tagged'
  activesupport (4.2.1) lib/active_support/tagged_logging.rb:68:in `tagged'
  railties (4.2.1) lib/rails/rack/logger.rb:20:in `call'
  actionpack (4.2.1) lib/action_dispatch/middleware/request_id.rb:21:in `call'
  rack (1.6.4) lib/rack/methodoverride.rb:22:in `call'
  rack (1.6.4) lib/rack/runtime.rb:18:in `call'
  activesupport (4.2.1) lib/active_support/cache/strategy/local_cache_middleware.rb:28:in `call'
  rack (1.6.4) lib/rack/lock.rb:17:in `call'
  actionpack (4.2.1) lib/action_dispatch/middleware/static.rb:113:in `call'
  rack (1.6.4) lib/rack/sendfile.rb:113:in `call'
  railties (4.2.1) lib/rails/engine.rb:518:in `call'
  railties (4.2.1) lib/rails/application.rb:164:in `call'
  rack (1.6.4) lib/rack/content_length.rb:15:in `call'
  puma (3.6.0) lib/puma/configuration.rb:225:in `call'
  puma (3.6.0) lib/puma/server.rb:578:in `handle_request'
  puma (3.6.0) lib/puma/server.rb:415:in `process_client'
  puma (3.6.0) lib/puma/server.rb:275:in `block in run'
  puma (3.6.0) lib/puma/thread_pool.rb:116:in `call'
  puma (3.6.0) lib/puma/thread_pool.rb:116:in `block in spawn_thread'



ActionController::RoutingError (No route matches [POST] "/vip_ref_app/disposalreport"):
  actionpack (4.2.1) lib/action_dispatch/middleware/debug_exceptions.rb:21:in `call'
  actionpack (4.2.1) lib/action_dispatch/middleware/show_exceptions.rb:30:in `call'
  railties (4.2.1) lib/rails/rack/logger.rb:38:in `call_app'
  railties (4.2.1) lib/rails/rack/logger.rb:20:in `block in call'
  activesupport (4.2.1) lib/active_support/tagged_logging.rb:68:in `block in tagged'
  activesupport (4.2.1) lib/active_support/tagged_logging.rb:26:in `tagged'
  activesupport (4.2.1) lib/active_support/tagged_logging.rb:68:in `tagged'
  railties (4.2.1) lib/rails/rack/logger.rb:20:in `call'
  actionpack (4.2.1) lib/action_dispatch/middleware/request_id.rb:21:in `call'
  rack (1.6.4) lib/rack/methodoverride.rb:22:in `call'
  rack (1.6.4) lib/rack/runtime.rb:18:in `call'
  activesupport (4.2.1) lib/active_support/cache/strategy/local_cache_middleware.rb:28:in `call'
  rack (1.6.4) lib/rack/lock.rb:17:in `call'
  actionpack (4.2.1) lib/action_dispatch/middleware/static.rb:113:in `call'
  rack (1.6.4) lib/rack/sendfile.rb:113:in `call'
  railties (4.2.1) lib/rails/engine.rb:518:in `call'
  railties (4.2.1) lib/rails/application.rb:164:in `call'
  rack (1.6.4) lib/rack/content_length.rb:15:in `call'
  puma (3.6.0) lib/puma/configuration.rb:225:in `call'
  puma (3.6.0) lib/puma/server.rb:578:in `handle_request'
  puma (3.6.0) lib/puma/server.rb:415:in `process_client'
  puma (3.6.0) lib/puma/server.rb:275:in `block in run'
  puma (3.6.0) lib/puma/thread_pool.rb:116:in `call'
  puma (3.6.0) lib/puma/thread_pool.rb:116:in `block in spawn_thread'



ActionController::RoutingError (No route matches [POST] "/vip_ref_app/disposalreport"):
  actionpack (4.2.1) lib/action_dispatch/middleware/debug_exceptions.rb:21:in `call'
  actionpack (4.2.1) lib/action_dispatch/middleware/show_exceptions.rb:30:in `call'
  railties (4.2.1) lib/rails/rack/logger.rb:38:in `call_app'
  railties (4.2.1) lib/rails/rack/logger.rb:20:in `block in call'
  activesupport (4.2.1) lib/active_support/tagged_logging.rb:68:in `block in tagged'
  activesupport (4.2.1) lib/active_support/tagged_logging.rb:26:in `tagged'
  activesupport (4.2.1) lib/active_support/tagged_logging.rb:68:in `tagged'
  railties (4.2.1) lib/rails/rack/logger.rb:20:in `call'
  actionpack (4.2.1) lib/action_dispatch/middleware/request_id.rb:21:in `call'
  rack (1.6.4) lib/rack/methodoverride.rb:22:in `call'
  rack (1.6.4) lib/rack/runtime.rb:18:in `call'
  activesupport (4.2.1) lib/active_support/cache/strategy/local_cache_middleware.rb:28:in `call'
  rack (1.6.4) lib/rack/lock.rb:17:in `call'
  actionpack (4.2.1) lib/action_dispatch/middleware/static.rb:113:in `call'
  rack (1.6.4) lib/rack/sendfile.rb:113:in `call'
  railties (4.2.1) lib/rails/engine.rb:518:in `call'
  railties (4.2.1) lib/rails/application.rb:164:in `call'
  rack (1.6.4) lib/rack/content_length.rb:15:in `call'
  puma (3.6.0) lib/puma/configuration.rb:225:in `call'
  puma (3.6.0) lib/puma/server.rb:578:in `handle_request'
  puma (3.6.0) lib/puma/server.rb:415:in `process_client'
  puma (3.6.0) lib/puma/server.rb:275:in `block in run'
  puma (3.6.0) lib/puma/thread_pool.rb:116:in `call'
  puma (3.6.0) lib/puma/thread_pool.rb:116:in `block in spawn_thread'



SyntaxError (/home/nic/vikram/official/projects/VIP-Ref/jvlms-latest/config/routes.rb:36: syntax error, unexpected tSTRING_BEG, expecting keyword_do or '{' or '('
  post 'vip_ref_app/disposalreport'
        ^):
  config/routes.rb:36: syntax error, unexpected tSTRING_BEG, expecting keyword_do or '{' or '('



SyntaxError (/home/nic/vikram/official/projects/VIP-Ref/jvlms-latest/config/routes.rb:36: syntax error, unexpected tSTRING_BEG, expecting keyword_do or '{' or '('
  post 'vip_ref_app/disposalreport',
        ^
/home/nic/vikram/official/projects/VIP-Ref/jvlms-latest/config/routes.rb:36: syntax error, unexpected ',', expecting keyword_end):
  config/routes.rb:36: syntax error, unexpected tSTRING_BEG, expecting keyword_do or '{' or '('
  config/routes.rb:36: syntax error, unexpected ',', expecting keyword_end



ActionController::RoutingError (No route matches [POST] "/vip_ref_app/disposalreport.pdf"):
  actionpack (4.2.1) lib/action_dispatch/middleware/debug_exceptions.rb:21:in `call'
  actionpack (4.2.1) lib/action_dispatch/middleware/show_exceptions.rb:30:in `call'
  railties (4.2.1) lib/rails/rack/logger.rb:38:in `call_app'
  railties (4.2.1) lib/rails/rack/logger.rb:20:in `block in call'
  activesupport (4.2.1) lib/active_support/tagged_logging.rb:68:in `block in tagged'
  activesupport (4.2.1) lib/active_support/tagged_logging.rb:26:in `tagged'
  activesupport (4.2.1) lib/active_support/tagged_logging.rb:68:in `tagged'
  railties (4.2.1) lib/rails/rack/logger.rb:20:in `call'
  actionpack (4.2.1) lib/action_dispatch/middleware/request_id.rb:21:in `call'
  rack (1.6.4) lib/rack/methodoverride.rb:22:in `call'
  rack (1.6.4) lib/rack/runtime.rb:18:in `call'
  activesupport (4.2.1) lib/active_support/cache/strategy/local_cache_middleware.rb:28:in `call'
  rack (1.6.4) lib/rack/lock.rb:17:in `call'
  actionpack (4.2.1) lib/action_dispatch/middleware/static.rb:113:in `call'
  rack (1.6.4) lib/rack/sendfile.rb:113:in `call'
  railties (4.2.1) lib/rails/engine.rb:518:in `call'
  railties (4.2.1) lib/rails/application.rb:164:in `call'
  rack (1.6.4) lib/rack/content_length.rb:15:in `call'
  puma (3.6.0) lib/puma/configuration.rb:225:in `call'
  puma (3.6.0) lib/puma/server.rb:578:in `handle_request'
  puma (3.6.0) lib/puma/server.rb:415:in `process_client'
  puma (3.6.0) lib/puma/server.rb:275:in `block in run'
  puma (3.6.0) lib/puma/thread_pool.rb:116:in `call'
  puma (3.6.0) lib/puma/thread_pool.rb:116:in `block in spawn_thread'



ActionController::RoutingError (No route matches [POST] "/vip_ref_app/disposalreport.html"):
  actionpack (4.2.1) lib/action_dispatch/middleware/debug_exceptions.rb:21:in `call'
  actionpack (4.2.1) lib/action_dispatch/middleware/show_exceptions.rb:30:in `call'
  railties (4.2.1) lib/rails/rack/logger.rb:38:in `call_app'
  railties (4.2.1) lib/rails/rack/logger.rb:20:in `block in call'
  activesupport (4.2.1) lib/active_support/tagged_logging.rb:68:in `block in tagged'
  activesupport (4.2.1) lib/active_support/tagged_logging.rb:26:in `tagged'
  activesupport (4.2.1) lib/active_support/tagged_logging.rb:68:in `tagged'
  railties (4.2.1) lib/rails/rack/logger.rb:20:in `call'
  actionpack (4.2.1) lib/action_dispatch/middleware/request_id.rb:21:in `call'
  rack (1.6.4) lib/rack/methodoverride.rb:22:in `call'
  rack (1.6.4) lib/rack/runtime.rb:18:in `call'
  activesupport (4.2.1) lib/active_support/cache/strategy/local_cache_middleware.rb:28:in `call'
  rack (1.6.4) lib/rack/lock.rb:17:in `call'
  actionpack (4.2.1) lib/action_dispatch/middleware/static.rb:113:in `call'
  rack (1.6.4) lib/rack/sendfile.rb:113:in `call'
  railties (4.2.1) lib/rails/engine.rb:518:in `call'
  railties (4.2.1) lib/rails/application.rb:164:in `call'
  rack (1.6.4) lib/rack/content_length.rb:15:in `call'
  puma (3.6.0) lib/puma/configuration.rb:225:in `call'
  puma (3.6.0) lib/puma/server.rb:578:in `handle_request'
  puma (3.6.0) lib/puma/server.rb:415:in `process_client'
  puma (3.6.0) lib/puma/server.rb:275:in `block in run'
  puma (3.6.0) lib/puma/thread_pool.rb:116:in `call'
  puma (3.6.0) lib/puma/thread_pool.rb:116:in `block in spawn_thread'



PG::UnableToSend (server closed the connection unexpectedly
	This probably means the server terminated abnormally
	before or while processing the request.
):
  activerecord (4.2.1) lib/active_record/connection_adapters/postgresql_adapter.rb:215:in `exec'
  activerecord (4.2.1) lib/active_record/connection_adapters/postgresql_adapter.rb:215:in `dealloc'
  activerecord (4.2.1) lib/active_record/connection_adapters/postgresql_adapter.rb:198:in `block in clear'
  activerecord (4.2.1) lib/active_record/connection_adapters/postgresql_adapter.rb:197:in `each_value'
  activerecord (4.2.1) lib/active_record/connection_adapters/postgresql_adapter.rb:197:in `clear'
  activerecord (4.2.1) lib/active_record/connection_adapters/postgresql_adapter.rb:258:in `clear_cache!'
  activerecord (4.2.1) lib/active_record/connection_adapters/abstract_adapter.rb:291:in `reconnect!'
  activerecord (4.2.1) lib/active_record/connection_adapters/postgresql_adapter.rb:275:in `reconnect!'
  activerecord (4.2.1) lib/active_record/connection_adapters/abstract_adapter.rb:328:in `verify!'
  activerecord (4.2.1) lib/active_record/connection_adapters/abstract/connection_pool.rb:456:in `block in checkout_and_verify'
  activesupport (4.2.1) lib/active_support/callbacks.rb:88:in `call'
  activesupport (4.2.1) lib/active_support/callbacks.rb:88:in `_run_callbacks'
  activesupport (4.2.1) lib/active_support/callbacks.rb:776:in `_run_checkout_callbacks'
  activerecord (4.2.1) lib/active_record/connection_adapters/abstract/connection_pool.rb:455:in `checkout_and_verify'
  activerecord (4.2.1) lib/active_record/connection_adapters/abstract/connection_pool.rb:351:in `block in checkout'
  /home/nic/.rvm/rubies/ruby-2.2.1/lib/ruby/2.2.0/monitor.rb:211:in `mon_synchronize'
  activerecord (4.2.1) lib/active_record/connection_adapters/abstract/connection_pool.rb:348:in `checkout'
  activerecord (4.2.1) lib/active_record/connection_adapters/abstract/connection_pool.rb:263:in `block in connection'
  /home/nic/.rvm/rubies/ruby-2.2.1/lib/ruby/2.2.0/monitor.rb:211:in `mon_synchronize'
  activerecord (4.2.1) lib/active_record/connection_adapters/abstract/connection_pool.rb:262:in `connection'
  activerecord (4.2.1) lib/active_record/connection_adapters/abstract/connection_pool.rb:567:in `retrieve_connection'
  activerecord (4.2.1) lib/active_record/connection_handling.rb:113:in `retrieve_connection'
  activerecord (4.2.1) lib/active_record/connection_handling.rb:87:in `connection'
  activerecord (4.2.1) lib/active_record/migration.rb:384:in `connection'
  activerecord (4.2.1) lib/active_record/migration.rb:371:in `call'
  actionpack (4.2.1) lib/action_dispatch/middleware/callbacks.rb:29:in `block in call'
  activesupport (4.2.1) lib/active_support/callbacks.rb:88:in `call'
  activesupport (4.2.1) lib/active_support/callbacks.rb:88:in `_run_callbacks'
  activesupport (4.2.1) lib/active_support/callbacks.rb:776:in `_run_call_callbacks'
  activesupport (4.2.1) lib/active_support/callbacks.rb:81:in `run_callbacks'
  actionpack (4.2.1) lib/action_dispatch/middleware/callbacks.rb:27:in `call'
  actionpack (4.2.1) lib/action_dispatch/middleware/reloader.rb:73:in `call'
  actionpack (4.2.1) lib/action_dispatch/middleware/remote_ip.rb:78:in `call'
  actionpack (4.2.1) lib/action_dispatch/middleware/debug_exceptions.rb:17:in `call'
  actionpack (4.2.1) lib/action_dispatch/middleware/show_exceptions.rb:30:in `call'
  railties (4.2.1) lib/rails/rack/logger.rb:38:in `call_app'
  railties (4.2.1) lib/rails/rack/logger.rb:20:in `block in call'
  activesupport (4.2.1) lib/active_support/tagged_logging.rb:68:in `block in tagged'
  activesupport (4.2.1) lib/active_support/tagged_logging.rb:26:in `tagged'
  activesupport (4.2.1) lib/active_support/tagged_logging.rb:68:in `tagged'
  railties (4.2.1) lib/rails/rack/logger.rb:20:in `call'
  actionpack (4.2.1) lib/action_dispatch/middleware/request_id.rb:21:in `call'
  rack (1.6.4) lib/rack/methodoverride.rb:22:in `call'
  rack (1.6.4) lib/rack/runtime.rb:18:in `call'
  activesupport (4.2.1) lib/active_support/cache/strategy/local_cache_middleware.rb:28:in `call'
  rack (1.6.4) lib/rack/lock.rb:17:in `call'
  actionpack (4.2.1) lib/action_dispatch/middleware/static.rb:113:in `call'
  rack (1.6.4) lib/rack/sendfile.rb:113:in `call'
  railties (4.2.1) lib/rails/engine.rb:518:in `call'
  railties (4.2.1) lib/rails/application.rb:164:in `call'
  rack (1.6.4) lib/rack/content_length.rb:15:in `call'
  puma (3.6.0) lib/puma/configuration.rb:225:in `call'
  puma (3.6.0) lib/puma/server.rb:578:in `handle_request'
  puma (3.6.0) lib/puma/server.rb:415:in `process_client'
  puma (3.6.0) lib/puma/server.rb:275:in `block in run'
  puma (3.6.0) lib/puma/thread_pool.rb:116:in `call'
  puma (3.6.0) lib/puma/thread_pool.rb:116:in `block in spawn_thread'


